0 info it worked if it ends with ok
1 verbose cli [ '/usr/local/Cellar/node/0.10.21/bin/node',
1 verbose cli   '/usr/local/bin/npm',
1 verbose cli   'install',
1 verbose cli   '-g',
1 verbose cli   'redis-cli' ]
2 info using npm@1.3.11
3 info using node@v0.10.21
4 verbose cache add [ 'redis-cli', null ]
5 verbose cache add name=undefined spec="redis-cli" args=["redis-cli",null]
6 verbose parsed url { protocol: null,
6 verbose parsed url   slashes: null,
6 verbose parsed url   auth: null,
6 verbose parsed url   host: null,
6 verbose parsed url   port: null,
6 verbose parsed url   hostname: null,
6 verbose parsed url   hash: null,
6 verbose parsed url   search: null,
6 verbose parsed url   query: null,
6 verbose parsed url   pathname: 'redis-cli',
6 verbose parsed url   path: 'redis-cli',
6 verbose parsed url   href: 'redis-cli' }
7 silly lockFile ed099c5e-redis-cli redis-cli
8 verbose lock redis-cli /Users/Poyner/.npm/ed099c5e-redis-cli.lock
9 silly lockFile ed099c5e-redis-cli redis-cli
10 silly lockFile ed099c5e-redis-cli redis-cli
11 verbose addNamed [ 'redis-cli', '' ]
12 verbose addNamed [ null, '*' ]
13 silly lockFile fe1cd919-redis-cli redis-cli@
14 verbose lock redis-cli@ /Users/Poyner/.npm/fe1cd919-redis-cli.lock
15 silly addNameRange { name: 'redis-cli', range: '*', hasData: false }
16 verbose url raw redis-cli
17 verbose url resolving [ 'https://registry.npmjs.org/', './redis-cli' ]
18 verbose url resolved https://registry.npmjs.org/redis-cli
19 info trying registry request attempt 1 at 20:30:14
20 http GET https://registry.npmjs.org/redis-cli
21 http 404 https://registry.npmjs.org/redis-cli
22 silly registry.get cb [ 404,
22 silly registry.get   { date: 'Mon, 17 Feb 2014 19:30:00 GMT',
22 silly registry.get     server: 'CouchDB/1.5.0 (Erlang OTP/R16B)',
22 silly registry.get     'content-type': 'application/json',
22 silly registry.get     via: '1.1 varnish',
22 silly registry.get     'cache-control': 'max-age=0',
22 silly registry.get     'content-length': '52',
22 silly registry.get     'accept-ranges': 'bytes',
22 silly registry.get     age: '0',
22 silly registry.get     'x-served-by': 'cache-v44-ASH, cache-fra1222-FRA',
22 silly registry.get     'x-cache': 'MISS, MISS',
22 silly registry.get     'x-cache-hits': '0, 0',
22 silly registry.get     'x-timer': 'S1392665400.205317259,VS0,VS44,VE205,VE259',
22 silly registry.get     'keep-alive': 'timeout=10, max=50',
22 silly registry.get     connection: 'Keep-Alive' } ]
23 silly lockFile fe1cd919-redis-cli redis-cli@
24 silly lockFile fe1cd919-redis-cli redis-cli@
25 error 404 'redis-cli' is not in the npm registry.
25 error 404 You should bug the author to publish it
25 error 404
25 error 404 Note that you can also install from a
25 error 404 tarball, folder, or http url, or git url.
26 error System Darwin 13.0.0
27 error command "/usr/local/Cellar/node/0.10.21/bin/node" "/usr/local/bin/npm" "install" "-g" "redis-cli"
28 error cwd /Users/Poyner/Development/professional/dhaakon/dhaakon-playground
29 error node -v v0.10.21
30 error npm -v 1.3.11
31 error code E404
32 verbose exit [ 1, true ]
